2016-09-26 09:15:20,473 [Thread-2:29784] [django.request:284] [base:handle_uncaught_exception] [ERROR]- Internal Server Error: /course/raido/11-4/
Traceback (most recent call last):
  File "D:\Users\linky\Desktop\maizi_basic_venv\lib\site-packages\django\core\handlers\base.py", line 149, in get_response
    response = self.process_exception_by_middleware(e, request)
  File "D:\Users\linky\Desktop\maizi_basic_venv\lib\site-packages\django\core\handlers\base.py", line 147, in get_response
    response = wrapped_callback(request, *callback_args, **callback_kwargs)
  File "D:\Users\linky\Desktop\maizi-project\maizi_website\maizi\course\views.py", line 86, in play
    item.children_comment.append(comment)
AttributeError: 'Discuss' object has no attribute 'children_comment'
2016-09-26 09:15:21,827 [Thread-3:34012] [django.request:284] [base:handle_uncaught_exception] [ERROR]- Internal Server Error: /course/raido/11-4/
Traceback (most recent call last):
  File "D:\Users\linky\Desktop\maizi_basic_venv\lib\site-packages\django\core\handlers\base.py", line 149, in get_response
    response = self.process_exception_by_middleware(e, request)
  File "D:\Users\linky\Desktop\maizi_basic_venv\lib\site-packages\django\core\handlers\base.py", line 147, in get_response
    response = wrapped_callback(request, *callback_args, **callback_kwargs)
  File "D:\Users\linky\Desktop\maizi-project\maizi_website\maizi\course\views.py", line 86, in play
    item.children_comment.append(comment)
AttributeError: 'Discuss' object has no attribute 'children_comment'
2016-09-26 09:15:26,823 [Thread-4:34576] [django.request:284] [base:handle_uncaught_exception] [ERROR]- Internal Server Error: /course/raido/11-4/
Traceback (most recent call last):
  File "D:\Users\linky\Desktop\maizi_basic_venv\lib\site-packages\django\core\handlers\base.py", line 149, in get_response
    response = self.process_exception_by_middleware(e, request)
  File "D:\Users\linky\Desktop\maizi_basic_venv\lib\site-packages\django\core\handlers\base.py", line 147, in get_response
    response = wrapped_callback(request, *callback_args, **callback_kwargs)
  File "D:\Users\linky\Desktop\maizi-project\maizi_website\maizi\course\views.py", line 86, in play
    item.children_comment.append(comment)
AttributeError: 'Discuss' object has no attribute 'children_comment'
2016-09-26 09:15:29,555 [Thread-2:34456] [django.request:284] [base:handle_uncaught_exception] [ERROR]- Internal Server Error: /course/raido/11-4/
Traceback (most recent call last):
  File "D:\Users\linky\Desktop\maizi_basic_venv\lib\site-packages\django\core\handlers\base.py", line 149, in get_response
    response = self.process_exception_by_middleware(e, request)
  File "D:\Users\linky\Desktop\maizi_basic_venv\lib\site-packages\django\core\handlers\base.py", line 147, in get_response
    response = wrapped_callback(request, *callback_args, **callback_kwargs)
  File "D:\Users\linky\Desktop\maizi-project\maizi_website\maizi\course\views.py", line 86, in play
    item.children_comment.append(comment)
AttributeError: 'Discuss' object has no attribute 'children_comment'
2016-09-26 09:15:34,645 [Thread-3:29896] [django.request:284] [base:handle_uncaught_exception] [ERROR]- Internal Server Error: /course/raido/11-4/
Traceback (most recent call last):
  File "D:\Users\linky\Desktop\maizi_basic_venv\lib\site-packages\django\core\handlers\base.py", line 149, in get_response
    response = self.process_exception_by_middleware(e, request)
  File "D:\Users\linky\Desktop\maizi_basic_venv\lib\site-packages\django\core\handlers\base.py", line 147, in get_response
    response = wrapped_callback(request, *callback_args, **callback_kwargs)
  File "D:\Users\linky\Desktop\maizi-project\maizi_website\maizi\course\views.py", line 86, in play
    item.children_comment.append(comment)
AttributeError: 'Discuss' object has no attribute 'children_comment'
2016-09-26 09:15:47,326 [Thread-5:32976] [django.request:284] [base:handle_uncaught_exception] [ERROR]- Internal Server Error: /course/raido/11-4/
Traceback (most recent call last):
  File "D:\Users\linky\Desktop\maizi_basic_venv\lib\site-packages\django\core\handlers\base.py", line 149, in get_response
    response = self.process_exception_by_middleware(e, request)
  File "D:\Users\linky\Desktop\maizi_basic_venv\lib\site-packages\django\core\handlers\base.py", line 147, in get_response
    response = wrapped_callback(request, *callback_args, **callback_kwargs)
  File "D:\Users\linky\Desktop\maizi-project\maizi_website\maizi\course\views.py", line 86, in play
    item.parent.append(comment)
AttributeError: 'Discuss' object has no attribute 'children_comment'
2016-09-26 09:17:32,081 [Thread-64:23380] [django.request:182] [base:get_response] [WARNING]- Not Found: /uploads/
2016-09-26 10:00:39,810 [Thread-722:35680] [django.request:284] [base:handle_uncaught_exception] [ERROR]- Internal Server Error: /course/raido/11-4/
Traceback (most recent call last):
  File "D:\Users\linky\Desktop\maizi_basic_venv\lib\site-packages\django\core\handlers\base.py", line 149, in get_response
    response = self.process_exception_by_middleware(e, request)
  File "D:\Users\linky\Desktop\maizi_basic_venv\lib\site-packages\django\core\handlers\base.py", line 147, in get_response
    response = wrapped_callback(request, *callback_args, **callback_kwargs)
  File "D:\Users\linky\Desktop\maizi-project\maizi_website\maizi\course\views.py", line 91, in play
    return render(request,'course/play.html',locals())
  File "D:\Users\linky\Desktop\maizi_basic_venv\lib\site-packages\django\shortcuts.py", line 67, in render
    template_name, context, request=request, using=using)
  File "D:\Users\linky\Desktop\maizi_basic_venv\lib\site-packages\django\template\loader.py", line 96, in render_to_string
    template = get_template(template_name, using=using)
  File "D:\Users\linky\Desktop\maizi_basic_venv\lib\site-packages\django\template\loader.py", line 32, in get_template
    return engine.get_template(template_name, dirs)
  File "D:\Users\linky\Desktop\maizi_basic_venv\lib\site-packages\django\template\backends\django.py", line 40, in get_template
    return Template(self.engine.get_template(template_name, dirs), self)
  File "D:\Users\linky\Desktop\maizi_basic_venv\lib\site-packages\django\template\engine.py", line 190, in get_template
    template, origin = self.find_template(template_name, dirs)
  File "D:\Users\linky\Desktop\maizi_basic_venv\lib\site-packages\django\template\engine.py", line 157, in find_template
    name, template_dirs=dirs, skip=skip,
  File "D:\Users\linky\Desktop\maizi_basic_venv\lib\site-packages\django\template\loaders\base.py", line 46, in get_template
    contents, origin, origin.template_name, self.engine,
  File "D:\Users\linky\Desktop\maizi_basic_venv\lib\site-packages\django\template\base.py", line 189, in __init__
    self.nodelist = self.compile_nodelist()
  File "D:\Users\linky\Desktop\maizi_basic_venv\lib\site-packages\django\template\base.py", line 231, in compile_nodelist
    return parser.parse()
  File "D:\Users\linky\Desktop\maizi_basic_venv\lib\site-packages\django\template\base.py", line 516, in parse
    raise self.error(token, e)
  File "D:\Users\linky\Desktop\maizi_basic_venv\lib\site-packages\django\template\base.py", line 514, in parse
    compiled_result = compile_func(self, token)
  File "D:\Users\linky\Desktop\maizi_basic_venv\lib\site-packages\django\template\loader_tags.py", line 267, in do_extends
    nodelist = parser.parse()
  File "D:\Users\linky\Desktop\maizi_basic_venv\lib\site-packages\django\template\base.py", line 516, in parse
    raise self.error(token, e)
  File "D:\Users\linky\Desktop\maizi_basic_venv\lib\site-packages\django\template\base.py", line 514, in parse
    compiled_result = compile_func(self, token)
  File "D:\Users\linky\Desktop\maizi_basic_venv\lib\site-packages\django\template\loader_tags.py", line 241, in do_block
    nodelist = parser.parse(('endblock',))
  File "D:\Users\linky\Desktop\maizi_basic_venv\lib\site-packages\django\template\base.py", line 516, in parse
    raise self.error(token, e)
  File "D:\Users\linky\Desktop\maizi_basic_venv\lib\site-packages\django\template\base.py", line 514, in parse
    compiled_result = compile_func(self, token)
  File "D:\Users\linky\Desktop\maizi_basic_venv\lib\site-packages\django\template\defaulttags.py", line 886, in do_for
    nodelist_loop = parser.parse(('empty', 'endfor',))
  File "D:\Users\linky\Desktop\maizi_basic_venv\lib\site-packages\django\template\base.py", line 487, in parse
    raise self.error(token, e)
  File "D:\Users\linky\Desktop\maizi_basic_venv\lib\site-packages\django\template\base.py", line 485, in parse
    filter_expression = self.compile_filter(token.contents)
  File "D:\Users\linky\Desktop\maizi_basic_venv\lib\site-packages\django\template\base.py", line 601, in compile_filter
    return FilterExpression(token, self)
  File "D:\Users\linky\Desktop\maizi_basic_venv\lib\site-packages\django\template\base.py", line 695, in __init__
    filter_func = parser.find_filter(filter_name)
  File "D:\Users\linky\Desktop\maizi_basic_venv\lib\site-packages\django\template\base.py", line 607, in find_filter
    raise TemplateSyntaxError("Invalid filter: '%s'" % filter_name)
django.template.exceptions.TemplateSyntaxError: Invalid filter: 'len'
2016-09-26 10:16:28,197 [Thread-1594:35460] [django.request:182] [base:get_response] [WARNING]- Not Found: /uploads/request.user.avatar_url
2016-09-26 10:16:30,058 [Thread-1632:32924] [django.request:182] [base:get_response] [WARNING]- Not Found: /uploads/request.user.avatar_url
2016-09-26 10:20:46,057 [Thread-1941:35340] [django.request:284] [base:handle_uncaught_exception] [ERROR]- Internal Server Error: /course/raido/11-4/
Traceback (most recent call last):
  File "D:\Users\linky\Desktop\maizi_basic_venv\lib\site-packages\django\template\base.py", line 508, in parse
    compile_func = self.tags[command]
KeyError: 'endif'

During handling of the above exception, another exception occurred:

Traceback (most recent call last):
  File "D:\Users\linky\Desktop\maizi_basic_venv\lib\site-packages\django\core\handlers\base.py", line 149, in get_response
    response = self.process_exception_by_middleware(e, request)
  File "D:\Users\linky\Desktop\maizi_basic_venv\lib\site-packages\django\core\handlers\base.py", line 147, in get_response
    response = wrapped_callback(request, *callback_args, **callback_kwargs)
  File "D:\Users\linky\Desktop\maizi-project\maizi_website\maizi\course\views.py", line 91, in play
    return render(request,'course/play.html',locals())
  File "D:\Users\linky\Desktop\maizi_basic_venv\lib\site-packages\django\shortcuts.py", line 67, in render
    template_name, context, request=request, using=using)
  File "D:\Users\linky\Desktop\maizi_basic_venv\lib\site-packages\django\template\loader.py", line 96, in render_to_string
    template = get_template(template_name, using=using)
  File "D:\Users\linky\Desktop\maizi_basic_venv\lib\site-packages\django\template\loader.py", line 32, in get_template
    return engine.get_template(template_name, dirs)
  File "D:\Users\linky\Desktop\maizi_basic_venv\lib\site-packages\django\template\backends\django.py", line 40, in get_template
    return Template(self.engine.get_template(template_name, dirs), self)
  File "D:\Users\linky\Desktop\maizi_basic_venv\lib\site-packages\django\template\engine.py", line 190, in get_template
    template, origin = self.find_template(template_name, dirs)
  File "D:\Users\linky\Desktop\maizi_basic_venv\lib\site-packages\django\template\engine.py", line 157, in find_template
    name, template_dirs=dirs, skip=skip,
  File "D:\Users\linky\Desktop\maizi_basic_venv\lib\site-packages\django\template\loaders\base.py", line 46, in get_template
    contents, origin, origin.template_name, self.engine,
  File "D:\Users\linky\Desktop\maizi_basic_venv\lib\site-packages\django\template\base.py", line 189, in __init__
    self.nodelist = self.compile_nodelist()
  File "D:\Users\linky\Desktop\maizi_basic_venv\lib\site-packages\django\template\base.py", line 231, in compile_nodelist
    return parser.parse()
  File "D:\Users\linky\Desktop\maizi_basic_venv\lib\site-packages\django\template\base.py", line 516, in parse
    raise self.error(token, e)
  File "D:\Users\linky\Desktop\maizi_basic_venv\lib\site-packages\django\template\base.py", line 514, in parse
    compiled_result = compile_func(self, token)
  File "D:\Users\linky\Desktop\maizi_basic_venv\lib\site-packages\django\template\loader_tags.py", line 267, in do_extends
    nodelist = parser.parse()
  File "D:\Users\linky\Desktop\maizi_basic_venv\lib\site-packages\django\template\base.py", line 516, in parse
    raise self.error(token, e)
  File "D:\Users\linky\Desktop\maizi_basic_venv\lib\site-packages\django\template\base.py", line 514, in parse
    compiled_result = compile_func(self, token)
  File "D:\Users\linky\Desktop\maizi_basic_venv\lib\site-packages\django\template\loader_tags.py", line 241, in do_block
    nodelist = parser.parse(('endblock',))
  File "D:\Users\linky\Desktop\maizi_basic_venv\lib\site-packages\django\template\base.py", line 516, in parse
    raise self.error(token, e)
  File "D:\Users\linky\Desktop\maizi_basic_venv\lib\site-packages\django\template\base.py", line 514, in parse
    compiled_result = compile_func(self, token)
  File "D:\Users\linky\Desktop\maizi_basic_venv\lib\site-packages\django\template\defaulttags.py", line 886, in do_for
    nodelist_loop = parser.parse(('empty', 'endfor',))
  File "D:\Users\linky\Desktop\maizi_basic_venv\lib\site-packages\django\template\base.py", line 510, in parse
    self.invalid_block_tag(token, command, parse_until)
  File "D:\Users\linky\Desktop\maizi_basic_venv\lib\site-packages\django\template\base.py", line 566, in invalid_block_tag
    get_text_list(["'%s'" % p for p in parse_until]),
django.template.exceptions.TemplateSyntaxError: Invalid block tag on line 133: 'endif', expected 'empty' »ò 'endfor'. Did you forget to register or load this tag?
2016-09-26 10:20:47,911 [Thread-1942:34712] [django.request:284] [base:handle_uncaught_exception] [ERROR]- Internal Server Error: /course/raido/11-4/
Traceback (most recent call last):
  File "D:\Users\linky\Desktop\maizi_basic_venv\lib\site-packages\django\template\base.py", line 508, in parse
    compile_func = self.tags[command]
KeyError: 'endif'

During handling of the above exception, another exception occurred:

Traceback (most recent call last):
  File "D:\Users\linky\Desktop\maizi_basic_venv\lib\site-packages\django\core\handlers\base.py", line 149, in get_response
    response = self.process_exception_by_middleware(e, request)
  File "D:\Users\linky\Desktop\maizi_basic_venv\lib\site-packages\django\core\handlers\base.py", line 147, in get_response
    response = wrapped_callback(request, *callback_args, **callback_kwargs)
  File "D:\Users\linky\Desktop\maizi-project\maizi_website\maizi\course\views.py", line 91, in play
    return render(request,'course/play.html',locals())
  File "D:\Users\linky\Desktop\maizi_basic_venv\lib\site-packages\django\shortcuts.py", line 67, in render
    template_name, context, request=request, using=using)
  File "D:\Users\linky\Desktop\maizi_basic_venv\lib\site-packages\django\template\loader.py", line 96, in render_to_string
    template = get_template(template_name, using=using)
  File "D:\Users\linky\Desktop\maizi_basic_venv\lib\site-packages\django\template\loader.py", line 32, in get_template
    return engine.get_template(template_name, dirs)
  File "D:\Users\linky\Desktop\maizi_basic_venv\lib\site-packages\django\template\backends\django.py", line 40, in get_template
    return Template(self.engine.get_template(template_name, dirs), self)
  File "D:\Users\linky\Desktop\maizi_basic_venv\lib\site-packages\django\template\engine.py", line 190, in get_template
    template, origin = self.find_template(template_name, dirs)
  File "D:\Users\linky\Desktop\maizi_basic_venv\lib\site-packages\django\template\engine.py", line 157, in find_template
    name, template_dirs=dirs, skip=skip,
  File "D:\Users\linky\Desktop\maizi_basic_venv\lib\site-packages\django\template\loaders\base.py", line 46, in get_template
    contents, origin, origin.template_name, self.engine,
  File "D:\Users\linky\Desktop\maizi_basic_venv\lib\site-packages\django\template\base.py", line 189, in __init__
    self.nodelist = self.compile_nodelist()
  File "D:\Users\linky\Desktop\maizi_basic_venv\lib\site-packages\django\template\base.py", line 231, in compile_nodelist
    return parser.parse()
  File "D:\Users\linky\Desktop\maizi_basic_venv\lib\site-packages\django\template\base.py", line 516, in parse
    raise self.error(token, e)
  File "D:\Users\linky\Desktop\maizi_basic_venv\lib\site-packages\django\template\base.py", line 514, in parse
    compiled_result = compile_func(self, token)
  File "D:\Users\linky\Desktop\maizi_basic_venv\lib\site-packages\django\template\loader_tags.py", line 267, in do_extends
    nodelist = parser.parse()
  File "D:\Users\linky\Desktop\maizi_basic_venv\lib\site-packages\django\template\base.py", line 516, in parse
    raise self.error(token, e)
  File "D:\Users\linky\Desktop\maizi_basic_venv\lib\site-packages\django\template\base.py", line 514, in parse
    compiled_result = compile_func(self, token)
  File "D:\Users\linky\Desktop\maizi_basic_venv\lib\site-packages\django\template\loader_tags.py", line 241, in do_block
    nodelist = parser.parse(('endblock',))
  File "D:\Users\linky\Desktop\maizi_basic_venv\lib\site-packages\django\template\base.py", line 516, in parse
    raise self.error(token, e)
  File "D:\Users\linky\Desktop\maizi_basic_venv\lib\site-packages\django\template\base.py", line 514, in parse
    compiled_result = compile_func(self, token)
  File "D:\Users\linky\Desktop\maizi_basic_venv\lib\site-packages\django\template\defaulttags.py", line 886, in do_for
    nodelist_loop = parser.parse(('empty', 'endfor',))
  File "D:\Users\linky\Desktop\maizi_basic_venv\lib\site-packages\django\template\base.py", line 510, in parse
    self.invalid_block_tag(token, command, parse_until)
  File "D:\Users\linky\Desktop\maizi_basic_venv\lib\site-packages\django\template\base.py", line 566, in invalid_block_tag
    get_text_list(["'%s'" % p for p in parse_until]),
django.template.exceptions.TemplateSyntaxError: Invalid block tag on line 133: 'endif', expected 'empty' »ò 'endfor'. Did you forget to register or load this tag?
2016-09-26 11:14:40,875 [Thread-67:34372] [django.request:182] [base:get_response] [WARNING]- Not Found: /course/shoucang/11/
2016-09-26 11:14:42,842 [Thread-68:35820] [django.request:182] [base:get_response] [WARNING]- Not Found: /course/shoucang/11/
2016-09-26 11:15:09,909 [Thread-2:29080] [django.request:182] [base:get_response] [WARNING]- Not Found: /course/shoucang/11/
2016-09-26 11:15:10,383 [Thread-3:31928] [django.request:182] [base:get_response] [WARNING]- Not Found: /course/shoucang/11/
2016-09-26 11:15:11,730 [Thread-4:33572] [django.request:182] [base:get_response] [WARNING]- Not Found: /course/shoucang/11/
2016-09-26 11:15:15,749 [Thread-42:31996] [django.request:182] [base:get_response] [WARNING]- Not Found: /course/shoucang/11/
2016-09-26 11:15:17,490 [Thread-43:33448] [django.request:182] [base:get_response] [WARNING]- Not Found: /course/shoucang/11/
2016-09-26 11:15:19,721 [Thread-44:34776] [django.request:182] [base:get_response] [WARNING]- Not Found: /course/shoucang/11/
2016-09-26 11:15:59,254 [Thread-2:35796] [django.request:182] [base:get_response] [WARNING]- Not Found: /course/shoucang/11/
2016-09-26 11:16:05,312 [Thread-3:35340] [django.request:182] [base:get_response] [WARNING]- Not Found: /course/shoucang/1/
2016-09-26 11:16:14,030 [Thread-41:33976] [django.request:182] [base:get_response] [WARNING]- Not Found: /course/shoucang/11/
2016-09-26 11:16:27,924 [Thread-42:35640] [django.request:182] [base:get_response] [WARNING]- Not Found: /course/shoucang/11/
2016-09-26 11:16:29,624 [Thread-2:33360] [django.request:182] [base:get_response] [WARNING]- Not Found: /course/shoucang/11/
2016-09-26 11:16:34,096 [Thread-40:35476] [django.request:182] [base:get_response] [WARNING]- Not Found: /course/shoucang/11/
2016-09-26 11:16:44,169 [Thread-78:35764] [django.request:182] [base:get_response] [WARNING]- Not Found: /course/shoucang/11/
2016-09-26 11:17:00,297 [Thread-65:33636] [django.request:182] [base:get_response] [WARNING]- Not Found: /course/shoucang/11/
2016-09-26 11:17:43,413 [Thread-2:35236] [django.request:182] [base:get_response] [WARNING]- Not Found: /course/shoucang/11/
2016-09-26 11:17:44,706 [Thread-3:35664] [django.request:182] [base:get_response] [WARNING]- Not Found: /course/shoucang/11/
2016-09-26 11:17:46,233 [Thread-4:34660] [django.request:182] [base:get_response] [WARNING]- Not Found: /course/shoucang/11/
2016-09-26 11:18:24,708 [Thread-2:35336] [django.request:182] [base:get_response] [WARNING]- Not Found: /course/shoucang/11/
2016-09-26 11:18:27,008 [Thread-3:35068] [django.request:182] [base:get_response] [WARNING]- Not Found: /course/shoucang/11/
2016-09-26 11:18:30,606 [Thread-4:35076] [django.request:182] [base:get_response] [WARNING]- Not Found: /course/shoucang/11
2016-09-26 11:18:32,709 [Thread-6:32740] [django.request:182] [base:get_response] [WARNING]- Not Found: /course/shoucang/
2016-09-26 11:18:35,360 [Thread-7:35812] [django.request:182] [base:get_response] [WARNING]- Not Found: /course
2016-09-26 11:18:51,547 [Thread-48:35472] [django.request:182] [base:get_response] [WARNING]- Not Found: /course/shoucang/123
2016-09-26 11:19:03,729 [Thread-31:34924] [django.request:182] [base:get_response] [WARNING]- Not Found: /course/shoucang/123
2016-09-26 11:19:06,002 [Thread-36:20428] [django.request:182] [base:get_response] [WARNING]- Not Found: /course/shoucang/123
2016-09-26 11:19:12,698 [Thread-37:33352] [django.request:182] [base:get_response] [WARNING]- Not Found: /course/shoucang/1234
2016-09-26 11:19:46,178 [Thread-44:34624] [django.request:182] [base:get_response] [WARNING]- Not Found: /course/shoucang/1234
2016-09-26 11:19:47,767 [Thread-2:33736] [django.request:182] [base:get_response] [WARNING]- Not Found: /course/shoucang/1234
2016-09-26 11:19:49,391 [Thread-3:35280] [django.request:182] [base:get_response] [WARNING]- Not Found: /course/shoucang/1234
2016-09-26 11:19:50,775 [Thread-4:34092] [django.request:182] [base:get_response] [WARNING]- Not Found: /course/shoucang/1234
2016-09-26 11:19:51,632 [Thread-5:33904] [django.request:182] [base:get_response] [WARNING]- Not Found: /course/shoucang/1234
2016-09-26 11:19:56,770 [Thread-6:32928] [django.request:182] [base:get_response] [WARNING]- Not Found: /course/shoucang/1234
2016-09-26 11:20:22,686 [Thread-29:33644] [django.request:182] [base:get_response] [WARNING]- Not Found: /course/baoming/2/
2016-09-26 11:22:18,753 [Thread-30:33924] [django.request:182] [base:get_response] [WARNING]- Not Found: /course/baoming/2/
2016-09-26 11:26:35,226 [Thread-57:31996] [django.request:284] [base:handle_uncaught_exception] [ERROR]- Internal Server Error: /course/shoucang/11/
Traceback (most recent call last):
  File "D:\Users\linky\Desktop\maizi_basic_venv\lib\site-packages\django\core\handlers\base.py", line 149, in get_response
    response = self.process_exception_by_middleware(e, request)
  File "D:\Users\linky\Desktop\maizi_basic_venv\lib\site-packages\django\core\handlers\base.py", line 147, in get_response
    response = wrapped_callback(request, *callback_args, **callback_kwargs)
  File "D:\Users\linky\Desktop\maizi-project\maizi_website\maizi\course\views.py", line 81, in shoucang
    return redirect('')
  File "D:\Users\linky\Desktop\maizi_basic_venv\lib\site-packages\django\shortcuts.py", line 116, in redirect
    return redirect_class(resolve_url(to, *args, **kwargs))
  File "D:\Users\linky\Desktop\maizi_basic_venv\lib\site-packages\django\shortcuts.py", line 204, in resolve_url
    return urlresolvers.reverse(to, args=args, kwargs=kwargs)
  File "D:\Users\linky\Desktop\maizi_basic_venv\lib\site-packages\django\core\urlresolvers.py", line 600, in reverse
    return force_text(iri_to_uri(resolver._reverse_with_prefix(view, prefix, *args, **kwargs)))
  File "D:\Users\linky\Desktop\maizi_basic_venv\lib\site-packages\django\core\urlresolvers.py", line 508, in _reverse_with_prefix
    (lookup_view_s, args, kwargs, len(patterns), patterns))
django.core.urlresolvers.NoReverseMatch: Reverse for '' with arguments '()' and keyword arguments '{}' not found. 0 pattern(s) tried: []
2016-09-26 11:27:19,015 [Thread-164:34776] [django.request:182] [base:get_response] [WARNING]- Not Found: /raido/11-4/
